<?xml version="1.0" encoding="UTF-8"?>
<testng-results ignored="0" total="1" passed="1" failed="0" skipped="0">
  <reporter-output>
  </reporter-output>
  <suite started-at="2022-01-05T15:39:07 IST" name="Default suite" finished-at="2022-01-05T15:39:51 IST" duration-ms="44005">
    <groups>
    </groups>
    <test started-at="2022-01-05T15:39:07 IST" name="Default test" finished-at="2022-01-05T15:39:51 IST" duration-ms="44005">
      <class name="test.AddCart">
        <test-method is-config="true" signature="beforeClass()[pri:0, instance:test.AddCart@4d9e68d0]" started-at="2022-01-05T15:39:07 IST" name="beforeClass" finished-at="2022-01-05T15:39:08 IST" duration-ms="1086" status="PASS">
          <reporter-output>
          </reporter-output>
        </test-method> <!-- beforeClass -->
        <test-method is-config="true" signature="beforeMethod()[pri:0, instance:test.AddCart@4d9e68d0]" started-at="2022-01-05T15:39:08 IST" name="beforeMethod" finished-at="2022-01-05T15:39:36 IST" duration-ms="27473" status="PASS">
          <reporter-output>
          </reporter-output>
        </test-method> <!-- beforeMethod -->
        <test-method signature="Add_test()[pri:0, instance:test.AddCart@4d9e68d0]" started-at="2022-01-05T15:39:36 IST" name="Add_test" finished-at="2022-01-05T15:39:48 IST" duration-ms="12263" status="PASS">
          <reporter-output>
          </reporter-output>
        </test-method> <!-- Add_test -->
        <test-method is-config="true" signature="afterMethod()[pri:0, instance:test.AddCart@4d9e68d0]" started-at="2022-01-05T15:39:48 IST" name="afterMethod" finished-at="2022-01-05T15:39:51 IST" duration-ms="2959" status="PASS">
          <reporter-output>
          </reporter-output>
        </test-method> <!-- afterMethod -->
      </class> <!-- test.AddCart -->
    </test> <!-- Default test -->
  </suite> <!-- Default suite -->
</testng-results>
